* using log directory '/home/harry/RLibrary/dev/gbm/gbm_1.7-1/gbm.Rcheck'
* using R version 2.7.1 (2008-06-23)
* using session charset: UTF-8
* checking for file 'gbm/DESCRIPTION' ... OK
* this is package 'gbm' version '1.7-1'
* checking package dependencies ... OK
* checking if this is a source package ... OK
* checking whether package 'gbm' can be installed ... OK
* checking package directory ... OK
* checking for portable file names ... OK
* checking for sufficient/correct file permissions ... OK
* checking DESCRIPTION meta-information ... OK
* checking top-level files ... OK
* checking index information ... WARNING
Demos with missing or empty index information:
[1] "kclass"        "printExamples" "robustReg"    
See the information on INDEX files and package subdirectories in the
chapter 'Creating R packages' of the 'Writing R Extensions' manual.
* checking package subdirectories ... OK
* checking R files for non-ASCII characters ... OK
* checking R files for syntax errors ... OK
* checking whether the package can be loaded ... OK
* checking whether the package can be loaded with stated dependencies ... OK
* checking for unstated dependencies in R code ... OK
* checking S3 generic/method consistency ... OK
* checking replacement functions ... OK
* checking foreign function calls ... OK
* checking R code for possible problems ... NOTE
gbm.more: no visible binding for global variable ‘response’
interact.gbm: no visible binding for global variable ‘FF’
Found possibly global 'T' or 'F' in the following function:
  interact.gbm
* checking Rd files ... OK
* checking Rd cross-references ... OK
* checking for missing documentation entries ... WARNING
Undocumented code objects:
  estBisqParam reconstructGBMdata show.gbm
All user-level objects in a package should have documentation entries.
See the chapter 'Writing R documentation files' in manual 'Writing R
Extensions'.
* checking for code/documentation mismatches ... OK
* checking Rd \usage sections ... NOTE
S3 methods shown with full name in documentation object 'print.gbm':
  print.gbm

S3 methods shown with full name in documentation object 'quantile.rug':
  quantile.rug

The \usage entries for S3 methods should use the \method markup and not
their full name.
See the chapter 'Writing R documentation files' in manual 'Writing R
Extensions'.
* checking line endings in C/C++/Fortran sources/headers ... OK
* checking line endings in Makefiles ... OK
* checking for portable use of $BLAS_LIBS ... OK
* creating gbm-Ex.R ... OK
* checking examples ... OK
* checking package vignettes in 'inst/doc' ... NOTE
--- running texi2dvi on vignettes
This is pdfTeXk, Version 3.141592-1.40.3 (Web2C 7.5.6)
 %&-line parsing enabled.
entering extended mode
(./gbm.tex
LaTeX2e <2005/12/01>
Babel <v3.8h> and hyphenation patterns for english, usenglishmax, dumylang, noh
yphenation, croatian, ukrainian, russian, bulgarian, czech, slovak, danish, dut
ch, finnish, basque, french, german, ngerman, ibycus, greek, monogreek, ancient
greek, hungarian, italian, latin, mongolian, norsk, icelandic, interlingua, tur
kish, coptic, romanian, welsh, serbian, slovenian, estonian, esperanto, upperso
rbian, indonesian, polish, portuguese, spanish, catalan, galician, swedish, loa
ded.
(/usr/share/texmf-texlive/tex/latex/base/article.cls
Document Class: article 2005/09/16 v1.4f Standard LaTeX document class
(/usr/share/texmf-texlive/tex/latex/base/size10.clo))
(/usr/share/texmf-texlive/tex/latex/srcltx/srcltx.sty
(/usr/share/texmf-texlive/tex/latex/base/ifthen.sty))
(/usr/share/R/share/texmf/Sweave.sty
LaTeX Warning: You have requested package `/usr/share/R/share/texmf/Sweave',
               but the package provides `Sweave'.
(/usr/share/texmf-texlive/tex/latex/graphics/graphicx.sty
(/usr/share/texmf-texlive/tex/latex/graphics/keyval.sty)
(/usr/share/texmf-texlive/tex/latex/graphics/graphics.sty
(/usr/share/texmf-texlive/tex/latex/graphics/trig.sty)
(/etc/texmf/tex/latex/config/graphics.cfg)
:<+ pdftex.def.tex
(/usr/share/texmf-texlive/tex/latex/pdftex-def/pdftex.def)
:<-
)) (/usr/share/texmf-texlive/tex/latex/fancyvrb/fancyvrb.sty
Style option: `fancyvrb' v2.6, with DG/SPQR fixes <1998/07/17> (tvz)
No file fancyvrb.cfg.
) (/usr/share/R/share/texmf/upquote.sty
(/usr/share/texmf-texlive/tex/latex/base/textcomp.sty
:<+ ts1enc.def.tex
(/usr/share/texmf-texlive/tex/latex/base/ts1enc.def)
:<-
)) (/usr/share/texmf-texlive/tex/latex/base/fontenc.sty
(/usr/share/texmf-texlive/tex/latex/base/t1enc.def))
(/usr/share/texmf-texlive/tex/latex/ae/ae.sty
(/usr/share/texmf-texlive/tex/latex/base/fontenc.sty
(/usr/share/texmf-texlive/tex/latex/base/t1enc.def)
(/usr/share/texmf-texlive/tex/latex/ae/t1aer.fd))))
No file gbm.aux.
(/usr/share/texmf-texlive/tex/latex/base/ts1cmr.fd)
LaTeX Warning: Citation `Friedman:2001' on page 1 undefined on input line 22.
LaTeX Warning: Citation `Friedman:2002' on page 1 undefined on input line 22.
LaTeX Warning: Citation `Ridgeway:1999' on page 1 undefined on input line 22.
LaTeX Warning: Citation `FreundSchapire:1997' on page 1 undefined on input line
 22.
LaTeX Warning: Citation `Friedman:2001' on page 1 undefined on input line 26.
LaTeX Warning: Citation `Friedman:2002' on page 1 undefined on input line 26.
Overfull \hbox (16.34999pt too wide) in paragraph at lines 32--32
 [] 
Overfull \hbox (16.34999pt too wide) in paragraph at lines 50--50
 [] 
LaTeX Warning: Reference `NonparametricRegression1' on page 1 undefined on inpu
t line 56.
[1{/var/lib/texmf/fonts/map/pdftex/updmap/pdftex.map}] [2]
LaTeX Warning: Reference `eq:Friedman1' on page 3 undefined on input line 71.
LaTeX Warning: Citation `FHT:2000' on page 3 undefined on input line 77.
LaTeX Warning: Reference `fig:GradientBoost' on page 3 undefined on input line 
93.
LaTeX Warning: Reference `fig:GradientBoost' on page 3 undefined on input line 
95.
LaTeX Warning: Reference `GBMModifications' on page 3 undefined on input line 9
5.
[3]
LaTeX Warning: Citation `FHT:2000' on page 4 undefined on input line 114.
LaTeX Warning: Reference `eq:shrinkage' on page 4 undefined on input line 120.
[4]
LaTeX Warning: Reference `ANOVAdecomp' on page 5 undefined on input line 138.
LaTeX Warning: Reference `ANOVAdecomp' on page 5 undefined on input line 138.
Overfull \hbox (16.34999pt too wide) in paragraph at lines 154--154
 [] 
(/usr/share/R/share/texmf/ts1aer.fd)
(/usr/share/texmf-texlive/tex/latex/ae/t1aett.fd)
Overfull \hbox (16.34999pt too wide) in paragraph at lines 183--183
 [] 
[5] [6]
LaTeX Warning: Reference `fig:shrinkViters' on page 7 undefined on input line 2
06.
<shrinkage-v-iterations.pdf, id=36, 561.09625pt x 433.62pt>
<use shrinkage-v-iterations.pdf>
Overfull \hbox (16.34999pt too wide) in paragraph at lines 210--211
 [] 
Overfull \hbox (3.16547pt too wide) in paragraph at lines 219--220
\T1/aer/m/n/10 gle hold-out test set to se-lect the op-ti-mal num-ber of it-er-
a-tions. If \T1/aett/m/n/10 train.fraction
[7] <oobperf2.pdf, id=41, 349.305pt x 215.80624pt> <use oobperf2.pdf>
Overfull \hbox (16.34999pt too wide) in paragraph at lines 227--228
 [] 
[8 <./shrinkage-v-iterations.pdf>]
LaTeX Warning: Reference `fig:oobperf' on page 9 undefined on input line 233.
[9 <./oobperf2.pdf>] [10]
Overfull \hbox (62.91716pt too wide) in paragraph at lines 314--317
\T1/aer/m/n/10 warn-ing when the user uses weighted data with \T1/aett/m/n/10 d
is-tri-bu-tion=list(name="quantile")\T1/aer/m/n/10 . 
[11] [12] (./gbm.aux)
LaTeX Warning: There were undefined references.
LaTeX Warning: Label(s) may have changed. Rerun to get cross-references right.
 )
(see the transcript file for additional information) </home/harry/.texmf-var/fo
nts/pk/ljfour/jknappen/ec/tcrm1000.600pk></usr/share/texmf-texlive/fonts/type1/
bluesky/cm/cmbx10.pfb></usr/share/texmf-texlive/fonts/type1/bluesky/cm/cmbx12.p
-texlive/fonts/type1/bluesky/cm/cmex10.pfb></usr/share/texmf-texlive/fonts/type
1/bluesky/cm/cmmi10.pfb></usr/share/texmf-texlive/fonts/type1/bluesky/cm/cmmi5.
f-texlive/fonts/type1/bluesky/cm/cmmib10.pfb></usr/share/texmf-texlive/fonts/ty
pe1/bluesky/cm/cmr10.pfb></usr/share/texmf-texlive/fonts/type1/bluesky/cm/cmr12
.pfb></usr/share/texmf-texlive/fonts/type1/bluesky/cm/cmr17.pfb></usr/share/tex
mf-texlive/fonts/type1/bluesky/cm/cmr7.pfb></usr/share/texmf-texlive/fonts/type
1/bluesky/cm/cmr9.pfb></usr/share/texmf-texlive/fonts/type1/bluesky/cm/cmsy10.p
-texlive/fonts/type1/bluesky/cm/cmti10.pfb></usr/share/texmf-texlive/fonts/type
1/bluesky/cm/cmti9.pfb></usr/share/texmf-texlive/fonts/type1/bluesky/cm/cmtt10.
Output written on gbm.pdf (12 pages, 175091 bytes).
Transcript written on gbm.log.
This is BibTeX, Version 0.99c (Web2C 7.5.6)
The top-level auxiliary file: gbm.aux
The style file: plain.bst
I found no \bibdata command---while reading file gbm.aux
Warning--I didn't find a database entry for "Friedman:2001"
Warning--I didn't find a database entry for "Friedman:2002"
Warning--I didn't find a database entry for "Ridgeway:1999"
Warning--I didn't find a database entry for "FreundSchapire:1997"
Warning--I didn't find a database entry for "FHT:2000"
(There was 1 error message)
This is pdfTeXk, Version 3.141592-1.40.3 (Web2C 7.5.6)
 %&-line parsing enabled.
entering extended mode
(./gbm.tex
LaTeX2e <2005/12/01>
Babel <v3.8h> and hyphenation patterns for english, usenglishmax, dumylang, noh
yphenation, croatian, ukrainian, russian, bulgarian, czech, slovak, danish, dut
ch, finnish, basque, french, german, ngerman, ibycus, greek, monogreek, ancient
greek, hungarian, italian, latin, mongolian, norsk, icelandic, interlingua, tur
kish, coptic, romanian, welsh, serbian, slovenian, estonian, esperanto, upperso
rbian, indonesian, polish, portuguese, spanish, catalan, galician, swedish, loa
ded.
(/usr/share/texmf-texlive/tex/latex/base/article.cls
Document Class: article 2005/09/16 v1.4f Standard LaTeX document class
(/usr/share/texmf-texlive/tex/latex/base/size10.clo))
(/usr/share/texmf-texlive/tex/latex/srcltx/srcltx.sty
(/usr/share/texmf-texlive/tex/latex/base/ifthen.sty))
(/usr/share/R/share/texmf/Sweave.sty
LaTeX Warning: You have requested package `/usr/share/R/share/texmf/Sweave',
               but the package provides `Sweave'.
(/usr/share/texmf-texlive/tex/latex/graphics/graphicx.sty
(/usr/share/texmf-texlive/tex/latex/graphics/keyval.sty)
(/usr/share/texmf-texlive/tex/latex/graphics/graphics.sty
(/usr/share/texmf-texlive/tex/latex/graphics/trig.sty)
(/etc/texmf/tex/latex/config/graphics.cfg)
:<+ pdftex.def.tex
(/usr/share/texmf-texlive/tex/latex/pdftex-def/pdftex.def)
:<-
)) (/usr/share/texmf-texlive/tex/latex/fancyvrb/fancyvrb.sty
Style option: `fancyvrb' v2.6, with DG/SPQR fixes <1998/07/17> (tvz)
No file fancyvrb.cfg.
) (/usr/share/R/share/texmf/upquote.sty
(/usr/share/texmf-texlive/tex/latex/base/textcomp.sty
:<+ ts1enc.def.tex
(/usr/share/texmf-texlive/tex/latex/base/ts1enc.def)
:<-
)) (/usr/share/texmf-texlive/tex/latex/base/fontenc.sty
(/usr/share/texmf-texlive/tex/latex/base/t1enc.def))
(/usr/share/texmf-texlive/tex/latex/ae/ae.sty
(/usr/share/texmf-texlive/tex/latex/base/fontenc.sty
(/usr/share/texmf-texlive/tex/latex/base/t1enc.def)
(/usr/share/texmf-texlive/tex/latex/ae/t1aer.fd)))) (./gbm.aux)
(/usr/share/texmf-texlive/tex/latex/base/ts1cmr.fd)
Overfull \hbox (16.34999pt too wide) in paragraph at lines 32--32
 [] 
Overfull \hbox (16.34999pt too wide) in paragraph at lines 50--50
 [] 
[1{/var/lib/texmf/fonts/map/pdftex/updmap/pdftex.map}] [2] [3] [4]
Overfull \hbox (16.34999pt too wide) in paragraph at lines 154--154
 [] 
(/usr/share/R/share/texmf/ts1aer.fd)
(/usr/share/texmf-texlive/tex/latex/ae/t1aett.fd)
Overfull \hbox (16.34999pt too wide) in paragraph at lines 183--183
 [] 
[5] [6] <shrinkage-v-iterations.pdf, id=36, 561.09625pt x 433.62pt>
<use shrinkage-v-iterations.pdf>
Overfull \hbox (16.34999pt too wide) in paragraph at lines 210--211
 [] 
Overfull \hbox (3.16547pt too wide) in paragraph at lines 219--220
\T1/aer/m/n/10 gle hold-out test set to se-lect the op-ti-mal num-ber of it-er-
a-tions. If \T1/aett/m/n/10 train.fraction
[7] <oobperf2.pdf, id=41, 349.305pt x 215.80624pt> <use oobperf2.pdf>
Overfull \hbox (16.34999pt too wide) in paragraph at lines 227--228
 [] 
[8 <./shrinkage-v-iterations.pdf>] [9 <./oobperf2.pdf>] [10]
Overfull \hbox (62.91716pt too wide) in paragraph at lines 314--317
\T1/aer/m/n/10 warn-ing when the user uses weighted data with \T1/aett/m/n/10 d
is-tri-bu-tion=list(name="quantile")\T1/aer/m/n/10 . 
[11] [12] (./gbm.aux) )
(see the transcript file for additional information) </home/harry/.texmf-var/fo
nts/pk/ljfour/jknappen/ec/tcrm1000.600pk></usr/share/texmf-texlive/fonts/type1/
bluesky/cm/cmbx10.pfb></usr/share/texmf-texlive/fonts/type1/bluesky/cm/cmbx12.p
-texlive/fonts/type1/bluesky/cm/cmex10.pfb></usr/share/texmf-texlive/fonts/type
1/bluesky/cm/cmmi10.pfb></usr/share/texmf-texlive/fonts/type1/bluesky/cm/cmmi5.
f-texlive/fonts/type1/bluesky/cm/cmmib10.pfb></usr/share/texmf-texlive/fonts/ty
pe1/bluesky/cm/cmr10.pfb></usr/share/texmf-texlive/fonts/type1/bluesky/cm/cmr12
.pfb></usr/share/texmf-texlive/fonts/type1/bluesky/cm/cmr17.pfb></usr/share/tex
mf-texlive/fonts/type1/bluesky/cm/cmr7.pfb></usr/share/texmf-texlive/fonts/type
1/bluesky/cm/cmr9.pfb></usr/share/texmf-texlive/fonts/type1/bluesky/cm/cmsy10.p
-texlive/fonts/type1/bluesky/cm/cmti10.pfb></usr/share/texmf-texlive/fonts/type
1/bluesky/cm/cmti9.pfb></usr/share/texmf-texlive/fonts/type1/bluesky/cm/cmtt10.
Output written on gbm.pdf (12 pages, 174605 bytes).
Transcript written on gbm.log.
This is pdfTeXk, Version 3.141592-1.40.3 (Web2C 7.5.6)
 %&-line parsing enabled.
entering extended mode
(./gbm.tex
LaTeX2e <2005/12/01>
Babel <v3.8h> and hyphenation patterns for english, usenglishmax, dumylang, noh
yphenation, croatian, ukrainian, russian, bulgarian, czech, slovak, danish, dut
ch, finnish, basque, french, german, ngerman, ibycus, greek, monogreek, ancient
greek, hungarian, italian, latin, mongolian, norsk, icelandic, interlingua, tur
kish, coptic, romanian, welsh, serbian, slovenian, estonian, esperanto, upperso
rbian, indonesian, polish, portuguese, spanish, catalan, galician, swedish, loa
ded.
(/usr/share/texmf-texlive/tex/latex/base/article.cls
Document Class: article 2005/09/16 v1.4f Standard LaTeX document class
(/usr/share/texmf-texlive/tex/latex/base/size10.clo))
(/usr/share/texmf-texlive/tex/latex/srcltx/srcltx.sty
(/usr/share/texmf-texlive/tex/latex/base/ifthen.sty))
(/usr/share/R/share/texmf/Sweave.sty
LaTeX Warning: You have requested package `/usr/share/R/share/texmf/Sweave',
               but the package provides `Sweave'.
(/usr/share/texmf-texlive/tex/latex/graphics/graphicx.sty
(/usr/share/texmf-texlive/tex/latex/graphics/keyval.sty)
(/usr/share/texmf-texlive/tex/latex/graphics/graphics.sty
(/usr/share/texmf-texlive/tex/latex/graphics/trig.sty)
(/etc/texmf/tex/latex/config/graphics.cfg)
:<+ pdftex.def.tex
(/usr/share/texmf-texlive/tex/latex/pdftex-def/pdftex.def)
:<-
)) (/usr/share/texmf-texlive/tex/latex/fancyvrb/fancyvrb.sty
Style option: `fancyvrb' v2.6, with DG/SPQR fixes <1998/07/17> (tvz)
No file fancyvrb.cfg.
) (/usr/share/R/share/texmf/upquote.sty
(/usr/share/texmf-texlive/tex/latex/base/textcomp.sty
:<+ ts1enc.def.tex
(/usr/share/texmf-texlive/tex/latex/base/ts1enc.def)
:<-
)) (/usr/share/texmf-texlive/tex/latex/base/fontenc.sty
(/usr/share/texmf-texlive/tex/latex/base/t1enc.def))
(/usr/share/texmf-texlive/tex/latex/ae/ae.sty
(/usr/share/texmf-texlive/tex/latex/base/fontenc.sty
(/usr/share/texmf-texlive/tex/latex/base/t1enc.def)
(/usr/share/texmf-texlive/tex/latex/ae/t1aer.fd)))) (./gbm.aux)
(/usr/share/texmf-texlive/tex/latex/base/ts1cmr.fd)
Overfull \hbox (16.34999pt too wide) in paragraph at lines 32--32
 [] 
Overfull \hbox (16.34999pt too wide) in paragraph at lines 50--50
 [] 
[1{/var/lib/texmf/fonts/map/pdftex/updmap/pdftex.map}] [2] [3] [4]
Overfull \hbox (16.34999pt too wide) in paragraph at lines 154--154
 [] 
(/usr/share/R/share/texmf/ts1aer.fd)
(/usr/share/texmf-texlive/tex/latex/ae/t1aett.fd)
Overfull \hbox (16.34999pt too wide) in paragraph at lines 183--183
 [] 
[5] [6] <shrinkage-v-iterations.pdf, id=36, 561.09625pt x 433.62pt>
<use shrinkage-v-iterations.pdf>
Overfull \hbox (16.34999pt too wide) in paragraph at lines 210--211
 [] 
Overfull \hbox (3.16547pt too wide) in paragraph at lines 219--220
\T1/aer/m/n/10 gle hold-out test set to se-lect the op-ti-mal num-ber of it-er-
a-tions. If \T1/aett/m/n/10 train.fraction
[7] <oobperf2.pdf, id=41, 349.305pt x 215.80624pt> <use oobperf2.pdf>
Overfull \hbox (16.34999pt too wide) in paragraph at lines 227--228
 [] 
[8 <./shrinkage-v-iterations.pdf>] [9 <./oobperf2.pdf>] [10]
Overfull \hbox (62.91716pt too wide) in paragraph at lines 314--317
\T1/aer/m/n/10 warn-ing when the user uses weighted data with \T1/aett/m/n/10 d
is-tri-bu-tion=list(name="quantile")\T1/aer/m/n/10 . 
[11] [12] (./gbm.aux) )
(see the transcript file for additional information) </home/harry/.texmf-var/fo
nts/pk/ljfour/jknappen/ec/tcrm1000.600pk></usr/share/texmf-texlive/fonts/type1/
bluesky/cm/cmbx10.pfb></usr/share/texmf-texlive/fonts/type1/bluesky/cm/cmbx12.p
-texlive/fonts/type1/bluesky/cm/cmex10.pfb></usr/share/texmf-texlive/fonts/type
1/bluesky/cm/cmmi10.pfb></usr/share/texmf-texlive/fonts/type1/bluesky/cm/cmmi5.
f-texlive/fonts/type1/bluesky/cm/cmmib10.pfb></usr/share/texmf-texlive/fonts/ty
pe1/bluesky/cm/cmr10.pfb></usr/share/texmf-texlive/fonts/type1/bluesky/cm/cmr12
.pfb></usr/share/texmf-texlive/fonts/type1/bluesky/cm/cmr17.pfb></usr/share/tex
mf-texlive/fonts/type1/bluesky/cm/cmr7.pfb></usr/share/texmf-texlive/fonts/type
1/bluesky/cm/cmr9.pfb></usr/share/texmf-texlive/fonts/type1/bluesky/cm/cmsy10.p
-texlive/fonts/type1/bluesky/cm/cmti10.pfb></usr/share/texmf-texlive/fonts/type
1/bluesky/cm/cmti9.pfb></usr/share/texmf-texlive/fonts/type1/bluesky/cm/cmtt10.
Output written on gbm.pdf (12 pages, 174605 bytes).
Transcript written on gbm.log.
* creating gbm-manual.tex ... OK
* checking gbm-manual.tex using pdflatex ... OK
