This is pdfTeXk, Version 3.141592-1.40.3 (Web2C 7.5.6) (format=pdflatex 2009.2.1)  28 APR 2009 10:23
entering extended mode
 %&-line parsing enabled.
**\nonstopmode{}\input{gbm-manual.tex}
(./gbm-manual.tex (/usr/share/texmf-texlive/tex/latex/base/article.cls
Document Class: article 2005/09/16 v1.4f Standard LaTeX document class
(/usr/share/texmf-texlive/tex/latex/base/size10.clo
File: size10.clo 2005/09/16 v1.4f Standard LaTeX file (size option)
)
\c@part=\count79
\c@section=\count80
\c@subsection=\count81
\c@subsubsection=\count82
\c@paragraph=\count83
\c@subparagraph=\count84
\c@figure=\count85
\c@table=\count86
\abovecaptionskip=\skip41
\belowcaptionskip=\skip42
\bibindent=\dimen102
)
(/usr/share/R/share/texmf/Rd.sty
Package: Rd 

(/usr/share/texmf-texlive/tex/latex/base/ifthen.sty
Package: ifthen 2001/05/26 v1.1c Standard LaTeX ifthen package (DPC)
)
(/usr/share/texmf-texlive/tex/latex/tools/longtable.sty
Package: longtable 2004/02/01 v4.11 Multi-page Table package (DPC)
\LTleft=\skip43
\LTright=\skip44
\LTpre=\skip45
\LTpost=\skip46
\LTchunksize=\count87
\LTcapwidth=\dimen103
\LT@head=\box26
\LT@firsthead=\box27
\LT@foot=\box28
\LT@lastfoot=\box29
\LT@cols=\count88
\LT@rows=\count89
\c@LT@tables=\count90
\c@LT@chunks=\count91
\LT@p@ftn=\toks14
)
(/usr/share/texmf-texlive/tex/latex/tools/bm.sty
Package: bm 2004/02/26 v1.1c Bold Symbol Support (DPC/FMi)
\symboldoperators=\mathgroup4
\symboldletters=\mathgroup5
\symboldsymbols=\mathgroup6
LaTeX Font Info:    Redeclaring math alphabet \mathbf on input line 137.
LaTeX Info: Redefining \bm on input line 203.
)
(/usr/share/texmf-texlive/tex/latex/base/alltt.sty
Package: alltt 1997/06/16 v2.0g defines alltt environment
)
(/usr/share/texmf-texlive/tex/latex/tools/verbatim.sty
Package: verbatim 2003/08/22 v1.5q LaTeX2e package for verbatim enhancements
\every@verbatim=\toks15
\verbatim@line=\toks16
\verbatim@in@stream=\read1
)
(/usr/share/texmf-texlive/tex/latex/ltxmisc/url.sty
\Urlmuskip=\muskip10
Package: url 2005/06/27  ver 3.2  Verb mode for urls, etc.
)
(/usr/share/R/share/texmf/upquote.sty
Package: upquote 2003/08/11 v1.1 Covington's upright-quote modification to verb
atim and verb

(/usr/share/texmf-texlive/tex/latex/base/textcomp.sty
Package: textcomp 2005/09/27 v1.99g Standard LaTeX package
Package textcomp Info: Sub-encoding information:
(textcomp)               5 = only ISO-Adobe without \textcurrency
(textcomp)               4 = 5 + \texteuro
(textcomp)               3 = 4 + \textohm
(textcomp)               2 = 3 + \textestimated + \textcurrency
(textcomp)               1 = TS1 - \textcircled - \t
(textcomp)               0 = TS1 (full)
(textcomp)             Font families with sub-encoding setting implement
(textcomp)             only a restricted character set as indicated.
(textcomp)             Family '?' is the default used for unknown fonts.
(textcomp)             See the documentation for details.
Package textcomp Info: Setting ? sub-encoding to TS1/1 on input line 71.

(/usr/share/texmf-texlive/tex/latex/base/ts1enc.def
File: ts1enc.def 2001/06/05 v3.0e (jk/car/fm) Standard LaTeX file
)
LaTeX Info: Redefining \oldstylenums on input line 266.
Package textcomp Info: Setting cmr sub-encoding to TS1/0 on input line 281.
Package textcomp Info: Setting cmss sub-encoding to TS1/0 on input line 282.
Package textcomp Info: Setting cmtt sub-encoding to TS1/0 on input line 283.
Package textcomp Info: Setting cmvtt sub-encoding to TS1/0 on input line 284.
Package textcomp Info: Setting cmbr sub-encoding to TS1/0 on input line 285.
Package textcomp Info: Setting cmtl sub-encoding to TS1/0 on input line 286.
Package textcomp Info: Setting ccr sub-encoding to TS1/0 on input line 287.
Package textcomp Info: Setting ptm sub-encoding to TS1/4 on input line 288.
Package textcomp Info: Setting pcr sub-encoding to TS1/4 on input line 289.
Package textcomp Info: Setting phv sub-encoding to TS1/4 on input line 290.
Package textcomp Info: Setting ppl sub-encoding to TS1/3 on input line 291.
Package textcomp Info: Setting pag sub-encoding to TS1/4 on input line 292.
Package textcomp Info: Setting pbk sub-encoding to TS1/4 on input line 293.
Package textcomp Info: Setting pnc sub-encoding to TS1/4 on input line 294.
Package textcomp Info: Setting pzc sub-encoding to TS1/4 on input line 295.
Package textcomp Info: Setting bch sub-encoding to TS1/4 on input line 296.
Package textcomp Info: Setting put sub-encoding to TS1/5 on input line 297.
Package textcomp Info: Setting uag sub-encoding to TS1/5 on input line 298.
Package textcomp Info: Setting ugq sub-encoding to TS1/5 on input line 299.
Package textcomp Info: Setting ul8 sub-encoding to TS1/4 on input line 300.
Package textcomp Info: Setting ul9 sub-encoding to TS1/4 on input line 301.
Package textcomp Info: Setting augie sub-encoding to TS1/5 on input line 302.
Package textcomp Info: Setting dayrom sub-encoding to TS1/3 on input line 303.
Package textcomp Info: Setting dayroms sub-encoding to TS1/3 on input line 304.

Package textcomp Info: Setting pxr sub-encoding to TS1/0 on input line 305.
Package textcomp Info: Setting pxss sub-encoding to TS1/0 on input line 306.
Package textcomp Info: Setting pxtt sub-encoding to TS1/0 on input line 307.
Package textcomp Info: Setting txr sub-encoding to TS1/0 on input line 308.
Package textcomp Info: Setting txss sub-encoding to TS1/0 on input line 309.
Package textcomp Info: Setting txtt sub-encoding to TS1/0 on input line 310.
Package textcomp Info: Setting futs sub-encoding to TS1/4 on input line 311.
Package textcomp Info: Setting futx sub-encoding to TS1/4 on input line 312.
Package textcomp Info: Setting futj sub-encoding to TS1/4 on input line 313.
Package textcomp Info: Setting hlh sub-encoding to TS1/3 on input line 314.
Package textcomp Info: Setting hls sub-encoding to TS1/3 on input line 315.
Package textcomp Info: Setting hlst sub-encoding to TS1/3 on input line 316.
Package textcomp Info: Setting hlct sub-encoding to TS1/5 on input line 317.
Package textcomp Info: Setting hlx sub-encoding to TS1/5 on input line 318.
Package textcomp Info: Setting hlce sub-encoding to TS1/5 on input line 319.
Package textcomp Info: Setting hlcn sub-encoding to TS1/5 on input line 320.
Package textcomp Info: Setting hlcw sub-encoding to TS1/5 on input line 321.
Package textcomp Info: Setting hlcf sub-encoding to TS1/5 on input line 322.
Package textcomp Info: Setting pplx sub-encoding to TS1/3 on input line 323.
Package textcomp Info: Setting pplj sub-encoding to TS1/3 on input line 324.
Package textcomp Info: Setting ptmx sub-encoding to TS1/4 on input line 325.
Package textcomp Info: Setting ptmj sub-encoding to TS1/4 on input line 326.
))
\ldescriptionwidth=\skip47

(/usr/share/texmf-texlive/tex/latex/base/fontenc.sty
Package: fontenc 2005/09/27 v1.99g Standard LaTeX package

(/usr/share/texmf-texlive/tex/latex/base/t1enc.def
File: t1enc.def 2005/09/27 v1.99g Standard LaTeX file
LaTeX Font Info:    Redeclaring font encoding T1 on input line 43.
))
(/usr/share/texmf-texlive/tex/latex/ae/ae.sty
Package: ae 2001/02/12 1.3 Almost European Computer Modern

(/usr/share/texmf-texlive/tex/latex/base/fontenc.sty
Package: fontenc 2005/09/27 v1.99g Standard LaTeX package

(/usr/share/texmf-texlive/tex/latex/base/t1enc.def
File: t1enc.def 2005/09/27 v1.99g Standard LaTeX file
LaTeX Font Info:    Redeclaring font encoding T1 on input line 43.
)
LaTeX Font Info:    Try loading font information for T1+aer on input line 100.

(/usr/share/texmf-texlive/tex/latex/ae/t1aer.fd
File: t1aer.fd 1997/11/16 Font definitions for T1/aer.
)))
(/usr/share/texmf-texlive/tex/latex/ae/t1aett.fd
File: t1aett.fd 1997/11/16 Font definitions for T1/aett.
) NOT loading times
NOT loading lmodern (/usr/share/texmf-texlive/tex/latex/graphics/color.sty
Package: color 2005/11/14 v1.0j Standard LaTeX Color (DPC)

(/etc/texmf/tex/latex/config/color.cfg
File: color.cfg 2007/01/18 v1.5 color configuration of teTeX/TeXLive
)
Package color Info: Driver file: pdftex.def on input line 130.

(/usr/share/texmf-texlive/tex/latex/pdftex-def/pdftex.def
File: pdftex.def 2007/01/08 v0.04d Graphics/color for pdfTeX
\Gread@gobject=\count92
))
(/usr/share/texmf-texlive/tex/latex/hyperref/hyperref.sty
Package: hyperref 2007/02/07 v6.75r Hypertext links for LaTeX

(/usr/share/texmf-texlive/tex/latex/graphics/keyval.sty
Package: keyval 1999/03/16 v1.13 key=value parser (DPC)
\KV@toks@=\toks17
)
\@linkdim=\dimen104
\Hy@linkcounter=\count93
\Hy@pagecounter=\count94

(/usr/share/texmf-texlive/tex/latex/hyperref/pd1enc.def
File: pd1enc.def 2007/02/07 v6.75r Hyperref: PDFDocEncoding definition (HO)
)
(/etc/texmf/tex/latex/config/hyperref.cfg
File: hyperref.cfg 2002/06/06 v1.2 hyperref configuration of TeXLive
)
(/usr/share/texmf-texlive/tex/latex/oberdiek/kvoptions.sty
Package: kvoptions 2006/08/22 v2.4 Connects package keyval with LaTeX options (
HO)
)
Package hyperref Info: Hyper figures OFF on input line 2288.
Package hyperref Info: Link nesting OFF on input line 2293.
Package hyperref Info: Hyper index ON on input line 2296.
Package hyperref Info: Plain pages OFF on input line 2303.
Package hyperref Info: Backreferencing OFF on input line 2308.

Implicit mode ON; LaTeX internals redefined
Package hyperref Info: Bookmarks ON on input line 2444.
LaTeX Info: Redefining \href on input line 2586.
LaTeX Info: Redefining \url on input line 2599.
\Fld@menulength=\count95
\Field@Width=\dimen105
\Fld@charsize=\dimen106
\Choice@toks=\toks18
\Field@toks=\toks19
Package hyperref Info: Hyper figures OFF on input line 3102.
Package hyperref Info: Link nesting OFF on input line 3107.
Package hyperref Info: Hyper index ON on input line 3110.
Package hyperref Info: backreferencing OFF on input line 3117.
Package hyperref Info: Link coloring OFF on input line 3122.
\Hy@abspage=\count96
\c@Item=\count97
\c@Hfootnote=\count98
)
*hyperref using default driver hpdftex*
(/usr/share/texmf-texlive/tex/latex/hyperref/hpdftex.def
File: hpdftex.def 2007/02/07 v6.75r Hyperref driver for pdfTeX
\Fld@listcount=\count99
)

Package hyperref Warning: Option `hyperindex' has already been used,
(hyperref)                setting the option has no effect on input line 315.

Package hyperref Info: Option `colorlinks' set `true' on input line 315.

Package hyperref Warning: Option `pagebackref' has already been used,
(hyperref)                setting the option has no effect on input line 315.

Package hyperref Info: Option `linktocpage' set `true' on input line 315.
Package hyperref Info: Option `plainpages' set `false' on input line 315.
)
No file gbm-manual.aux.
\openout1 = `gbm-manual.aux'.

LaTeX Font Info:    Checking defaults for OML/cmm/m/it on input line 3.
LaTeX Font Info:    ... okay on input line 3.
LaTeX Font Info:    Checking defaults for T1/cmr/m/n on input line 3.
LaTeX Font Info:    ... okay on input line 3.
LaTeX Font Info:    Checking defaults for OT1/cmr/m/n on input line 3.
LaTeX Font Info:    ... okay on input line 3.
LaTeX Font Info:    Checking defaults for OMS/cmsy/m/n on input line 3.
LaTeX Font Info:    ... okay on input line 3.
LaTeX Font Info:    Checking defaults for OMX/cmex/m/n on input line 3.
LaTeX Font Info:    ... okay on input line 3.
LaTeX Font Info:    Checking defaults for U/cmr/m/n on input line 3.
LaTeX Font Info:    ... okay on input line 3.
LaTeX Font Info:    Checking defaults for TS1/cmr/m/n on input line 3.
LaTeX Font Info:    Try loading font information for TS1+cmr on input line 3.
(/usr/share/texmf-texlive/tex/latex/base/ts1cmr.fd
File: ts1cmr.fd 1999/05/25 v2.5h Standard LaTeX font definitions
)
LaTeX Font Info:    ... okay on input line 3.
LaTeX Font Info:    Checking defaults for PD1/pdf/m/n on input line 3.
LaTeX Font Info:    ... okay on input line 3.
Package hyperref Info: Link coloring ON on input line 3.

(/usr/share/texmf-texlive/tex/latex/hyperref/nameref.sty
Package: nameref 2006/12/27 v2.28 Cross-referencing by name of section

(/usr/share/texmf-texlive/tex/latex/oberdiek/refcount.sty
Package: refcount 2006/02/20 v3.0 Data extraction from references (HO)
)
\c@section@level=\count100
)
LaTeX Info: Redefining \ref on input line 3.
LaTeX Info: Redefining \pageref on input line 3.
\@outlinefile=\write3
\openout3 = `gbm-manual.out'.

LaTeX Font Info:    External font `cmex10' loaded for size
(Font)              <7> on input line 4.
LaTeX Font Info:    External font `cmex10' loaded for size
(Font)              <5> on input line 4.
 [1

{/var/lib/texmf/fonts/map/pdftex/updmap/pdftex.map}] [2] [3] [4]
Overfull \hbox (2.90622pt too wide) in paragraph at lines 222--229
[]\T1/aer/m/n/10 a list of all the cat-e-gor-i-cal splits in the col-lec-tion o
f trees. If the \T1/aett/m/n/10 trees[[i]]
 []

[5] [6]
Overfull \hbox (1.20712pt too wide) in paragraph at lines 331--337
\T1/aett/m/n/10 plot.it=TRUE \T1/aer/m/n/10 cre-ates two plots. The first plot 
plots \T1/aett/m/n/10 object$train.error
 []


Overfull \hbox (11.818pt too wide) in paragraph at lines 342--348
\T1/aer/m/n/10 a-tions. \T1/aett/m/n/10 method="OOB" \T1/aer/m/n/10 com-putes t
he out-of-bag es-ti-mate and \T1/aett/m/n/10 method="test"
 []

[7]
LaTeX Font Info:    Try loading font information for TS1+aett on input line 373
.
 (/usr/share/R/share/texmf/ts1aett.fd
File: ts1aett.fd 
)
LaTeX Font Info:    Try loading font information for TS1+cmtt on input line 373
.

(/usr/share/texmf-texlive/tex/latex/base/ts1cmtt.fd
File: ts1cmtt.fd 1999/05/25 v2.5h Standard LaTeX font definitions
)
LaTeX Font Info:    Font shape `TS1/aett/m/n' in size <10> not available
(Font)              Font shape `TS1/cmtt/m/n' tried instead on input line 373.
 [8] [9]
Overfull \hbox (50.54643pt too wide) in paragraph at lines 463--466
\T1/aer/m/n/10 put-ing the rel-a-tive in-flu-ence in [][]\T1/aett/m/n/10 summar
y.gbm[][]\T1/aer/m/n/10 . \T1/aett/m/n/10 gbm.loss \T1/aer/m/n/10 is a helper f
unc-tion for \T1/aett/m/n/10 permutation.test.gbm\T1/aer/m/n/10 . 
 []

[10] [11]
Overfull \hbox (1.66736pt too wide) in paragraph at lines 558--566
[]\T1/aer/m/n/10 The func-tion used to com-pute the rel-a-tive in-flu-ence. [][
]\T1/aett/m/n/10 relative.influence[][]
 []

[12] [13] [14] [15] [16] [17] [18] [19]
Overfull \hbox (4.06107pt too wide) in paragraph at lines 892--898
\T1/aer/m/n/10 lute loss), "bisquare" (bisquare loss), "tdist" (t-distribution 
loss), "bernoulli"
 []


Overfull \hbox (17.20865pt too wide) in paragraph at lines 904--911
\T1/aer/m/n/10 tion to be a list with 2 el-e-ments, the first of which should b
e \T1/aett/m/n/10 name="bisquare"\T1/aer/m/n/10 ,
 []


Overfull \hbox (17.61734pt too wide) in paragraph at lines 912--916
\T1/aer/m/n/10 con-trolled by spec-i-fy-ing \T1/aett/m/n/10 distribution=list( 
name="tdist", df=DF) \T1/aer/m/n/10 where
 []

[20] [21] [22] [23] [24] [25] (./gbm-manual.aux) ) 
Here is how much of TeX's memory you used:
 3641 strings out of 94101
 49641 string characters out of 1165811
 98665 words of memory out of 1500000
 6690 multiletter control sequences out of 10000+50000
 17143 words of font info for 40 fonts, out of 1200000 for 2000
 637 hyphenation exceptions out of 8191
 38i,6n,27p,405b,629s stack positions out of 5000i,500n,6000p,200000b,5000s
pdfTeX warning (dest): name{R
fn.model.frame} has been referenced but does not exist, replaced by a fixed one


pdfTeX warning (dest): name{Rfn.save} has been referenced but does not exist, r
eplaced by a fixed one

pdfTeX warning (dest): name{Rfn.jitter} has been referenced but does not exist,
 replaced by a fixed one

pdfTeX warning (dest): name{Rfn.quantile} has been referenced but does not exis
t, replaced by a fixed one

pdfTeX warning (dest): name{Rfn.plot} has been referenced but does not exist, r
eplaced by a fixed one

pdfTeX warning (dest): name{Rfn.lattice} has been referenced but does not exist
, replaced by a fixed one

pdfTeX warning (dest): name{Rfn.survfit} has been referenced but does not exist
, replaced by a fixed one

pdfTeX warning (dest): name{Rfn.supsmu} has been referenced but does not exist,
 replaced by a fixed one

pdfTeX warning (dest): name{Rfn.ns} has been referenced but does not exist, rep
laced by a fixed one

pdfTeX warning (dest): name{Rfn.rug} has been referenced but does not exist, re
placed by a fixed one

pdfTeX warning (dest): name{Rfn.polygon} has been referenced but does not exist
, replaced by a fixed one

 </home/harry/.texmf-var/fonts/pk/ljfour/jknappen/ec/tctt1000.600pk></usr/share
/texmf-texlive/fonts/type1/bluesky/cm/cmbx10.pfb></usr/share/texmf-texlive/font
s/type1/bluesky/cm/cmex10.pfb></usr/share/texmf-texlive/fonts/type1/bluesky/cm/
cmmi10.pfb></usr/share/texmf-texlive/fonts/type1/bluesky/cm/cmr10.pfb></usr/sha
re/texmf-texlive/fonts/type1/bluesky/cm/cmr7.pfb></usr/share/texmf-texlive/font
s/type1/bluesky/cm/cmsy10.pfb></usr/share/texmf-texlive/fonts/type1/bluesky/cm/
cmti10.pfb></usr/share/texmf-texlive/fonts/type1/bluesky/cm/cmtt10.pfb></usr/sh
are/texmf-texlive/fonts/type1/bluesky/cm/cmtt9.pfb>
Output written on gbm-manual.pdf (25 pages, 175248 bytes).
PDF statistics:
 444 PDF objects out of 1000 (max. 8388607)
 192 named destinations out of 1000 (max. 131072)
 17 words of extra memory for PDF output out of 10000 (max. 10000000)

